2020-05-07 20:43:15.065  INFO 4852 --- [restartedMain] l.codedw.community.CommunityApplication  : Starting CommunityApplication on codedw with PID 4852 (D:\github\code\Projects\community\target\classes started by jiefa in D:\github\code\Projects\community)
2020-05-07 20:43:15.068 DEBUG 4852 --- [restartedMain] l.codedw.community.CommunityApplication  : Running with Spring Boot v2.2.6.RELEASE, Spring v5.2.5.RELEASE
2020-05-07 20:43:15.069  INFO 4852 --- [restartedMain] l.codedw.community.CommunityApplication  : No active profile set, falling back to default profiles: default
2020-05-07 20:43:15.129  INFO 4852 --- [restartedMain] .e.DevToolsPropertyDefaultsPostProcessor : Devtools property defaults active! Set 'spring.devtools.add-properties' to 'false' to disable
2020-05-07 20:43:15.130  INFO 4852 --- [restartedMain] .e.DevToolsPropertyDefaultsPostProcessor : For additional web related logging consider setting the 'logging.level.web' property to 'DEBUG'
2020-05-07 20:43:16.246  INFO 4852 --- [restartedMain] o.s.b.w.embedded.tomcat.TomcatWebServer  : Tomcat initialized with port(s): 80 (http)
2020-05-07 20:43:16.253  INFO 4852 --- [restartedMain] o.apache.catalina.core.StandardService   : Starting service [Tomcat]
2020-05-07 20:43:16.253  INFO 4852 --- [restartedMain] org.apache.catalina.core.StandardEngine  : Starting Servlet engine: [Apache Tomcat/9.0.33]
2020-05-07 20:43:16.319  INFO 4852 --- [restartedMain] o.a.c.c.C.[.[localhost].[/community]     : Initializing Spring embedded WebApplicationContext
2020-05-07 20:43:16.319  INFO 4852 --- [restartedMain] o.s.web.context.ContextLoader            : Root WebApplicationContext: initialization completed in 1188 ms
2020-05-07 20:43:16.801  INFO 4852 --- [restartedMain] pertySourcedRequestMappingHandlerMapping : Mapped URL path [/v2/api-docs] onto method [springfox.documentation.swagger2.web.Swagger2Controller#getDocumentation(String, HttpServletRequest)]
2020-05-07 20:43:16.873  INFO 4852 --- [restartedMain] o.s.s.concurrent.ThreadPoolTaskExecutor  : Initializing ExecutorService 'applicationTaskExecutor'
2020-05-07 20:43:16.902  INFO 4852 --- [restartedMain] o.s.b.d.a.OptionalLiveReloadServer       : LiveReload server is running on port 35729
2020-05-07 20:43:16.922  INFO 4852 --- [restartedMain] o.s.b.a.w.s.WelcomePageHandlerMapping    : Adding welcome page template: index
2020-05-07 20:43:17.021  INFO 4852 --- [restartedMain] d.s.w.p.DocumentationPluginsBootstrapper : Context refreshed
2020-05-07 20:43:17.032  INFO 4852 --- [restartedMain] d.s.w.p.DocumentationPluginsBootstrapper : Found 1 custom documentation plugin(s)
2020-05-07 20:43:17.052  INFO 4852 --- [restartedMain] s.d.s.w.s.ApiListingReferenceScanner     : Scanning for api listing references
2020-05-07 20:43:17.095  INFO 4852 --- [restartedMain] .d.s.w.r.o.CachingOperationNameGenerator : Generating unique operation named: getStudentsUsingGET_1
2020-05-07 20:43:17.156  INFO 4852 --- [restartedMain] o.s.b.w.embedded.tomcat.TomcatWebServer  : Tomcat started on port(s): 80 (http) with context path '/community'
2020-05-07 20:43:17.158  INFO 4852 --- [restartedMain] l.codedw.community.CommunityApplication  : Started CommunityApplication in 2.448 seconds (JVM running for 3.235)
2020-05-07 20:43:37.348  INFO 4852 --- [http-nio-80-exec-1] o.a.c.c.C.[.[localhost].[/community]     : Initializing Spring DispatcherServlet 'dispatcherServlet'
2020-05-07 20:43:37.348  INFO 4852 --- [http-nio-80-exec-1] o.s.web.servlet.DispatcherServlet        : Initializing Servlet 'dispatcherServlet'
2020-05-07 20:43:37.352  INFO 4852 --- [http-nio-80-exec-1] o.s.web.servlet.DispatcherServlet        : Completed initialization in 4 ms
2020-05-07 20:43:37.402  INFO 4852 --- [http-nio-80-exec-1] com.zaxxer.hikari.HikariDataSource       : HikariPool-1 - Starting...
2020-05-07 20:43:37.542  INFO 4852 --- [http-nio-80-exec-1] com.zaxxer.hikari.HikariDataSource       : HikariPool-1 - Start completed.
2020-05-07 20:43:37.547 DEBUG 4852 --- [http-nio-80-exec-1] l.c.c.m.D.selectDiscussPostRows          : ==>  Preparing: select count(id) from discuss_post where status != 2 
2020-05-07 20:43:37.562 DEBUG 4852 --- [http-nio-80-exec-1] l.c.c.m.D.selectDiscussPostRows          : ==> Parameters: 
2020-05-07 20:43:37.573 DEBUG 4852 --- [http-nio-80-exec-1] l.c.c.m.D.selectDiscussPostRows          : <==      Total: 1
2020-05-07 20:43:37.578 DEBUG 4852 --- [http-nio-80-exec-1] l.c.c.m.D.selectDiscussPosts             : ==>  Preparing: select id, user_id, title, content, type, status, create_time, comment_count, score from discuss_post where status != 2 order by type desc, create_time desc limit ?, ? 
2020-05-07 20:43:37.578 DEBUG 4852 --- [http-nio-80-exec-1] l.c.c.m.D.selectDiscussPosts             : ==> Parameters: 0(Integer), 10(Integer)
2020-05-07 20:43:37.584 DEBUG 4852 --- [http-nio-80-exec-1] l.c.c.m.D.selectDiscussPosts             : <==      Total: 10
2020-05-07 20:43:37.585 DEBUG 4852 --- [http-nio-80-exec-1] l.c.c.mapper.UserMapper.selectById       : ==>  Preparing: select id, username, password, salt, email, type, status, activation_code, header_url, create_time from user where id = ? 
2020-05-07 20:43:37.585 DEBUG 4852 --- [http-nio-80-exec-1] l.c.c.mapper.UserMapper.selectById       : ==> Parameters: 11(Integer)
2020-05-07 20:43:37.587 DEBUG 4852 --- [http-nio-80-exec-1] l.c.c.mapper.UserMapper.selectById       : <==      Total: 1
2020-05-07 20:43:37.587 DEBUG 4852 --- [http-nio-80-exec-1] l.c.c.mapper.UserMapper.selectById       : ==>  Preparing: select id, username, password, salt, email, type, status, activation_code, header_url, create_time from user where id = ? 
2020-05-07 20:43:37.587 DEBUG 4852 --- [http-nio-80-exec-1] l.c.c.mapper.UserMapper.selectById       : ==> Parameters: 111(Integer)
2020-05-07 20:43:37.589 DEBUG 4852 --- [http-nio-80-exec-1] l.c.c.mapper.UserMapper.selectById       : <==      Total: 1
2020-05-07 20:43:37.589 DEBUG 4852 --- [http-nio-80-exec-1] l.c.c.mapper.UserMapper.selectById       : ==>  Preparing: select id, username, password, salt, email, type, status, activation_code, header_url, create_time from user where id = ? 
2020-05-07 20:43:37.589 DEBUG 4852 --- [http-nio-80-exec-1] l.c.c.mapper.UserMapper.selectById       : ==> Parameters: 149(Integer)
2020-05-07 20:43:37.590 DEBUG 4852 --- [http-nio-80-exec-1] l.c.c.mapper.UserMapper.selectById       : <==      Total: 1
2020-05-07 20:43:37.590 DEBUG 4852 --- [http-nio-80-exec-1] l.c.c.mapper.UserMapper.selectById       : ==>  Preparing: select id, username, password, salt, email, type, status, activation_code, header_url, create_time from user where id = ? 
2020-05-07 20:43:37.591 DEBUG 4852 --- [http-nio-80-exec-1] l.c.c.mapper.UserMapper.selectById       : ==> Parameters: 149(Integer)
2020-05-07 20:43:37.592 DEBUG 4852 --- [http-nio-80-exec-1] l.c.c.mapper.UserMapper.selectById       : <==      Total: 1
2020-05-07 20:43:37.593 DEBUG 4852 --- [http-nio-80-exec-1] l.c.c.mapper.UserMapper.selectById       : ==>  Preparing: select id, username, password, salt, email, type, status, activation_code, header_url, create_time from user where id = ? 
2020-05-07 20:43:37.593 DEBUG 4852 --- [http-nio-80-exec-1] l.c.c.mapper.UserMapper.selectById       : ==> Parameters: 149(Integer)
2020-05-07 20:43:37.594 DEBUG 4852 --- [http-nio-80-exec-1] l.c.c.mapper.UserMapper.selectById       : <==      Total: 1
2020-05-07 20:43:37.594 DEBUG 4852 --- [http-nio-80-exec-1] l.c.c.mapper.UserMapper.selectById       : ==>  Preparing: select id, username, password, salt, email, type, status, activation_code, header_url, create_time from user where id = ? 
2020-05-07 20:43:37.595 DEBUG 4852 --- [http-nio-80-exec-1] l.c.c.mapper.UserMapper.selectById       : ==> Parameters: 146(Integer)
2020-05-07 20:43:37.596 DEBUG 4852 --- [http-nio-80-exec-1] l.c.c.mapper.UserMapper.selectById       : <==      Total: 1
2020-05-07 20:43:37.596 DEBUG 4852 --- [http-nio-80-exec-1] l.c.c.mapper.UserMapper.selectById       : ==>  Preparing: select id, username, password, salt, email, type, status, activation_code, header_url, create_time from user where id = ? 
2020-05-07 20:43:37.597 DEBUG 4852 --- [http-nio-80-exec-1] l.c.c.mapper.UserMapper.selectById       : ==> Parameters: 145(Integer)
2020-05-07 20:43:37.598 DEBUG 4852 --- [http-nio-80-exec-1] l.c.c.mapper.UserMapper.selectById       : <==      Total: 1
2020-05-07 20:43:37.598 DEBUG 4852 --- [http-nio-80-exec-1] l.c.c.mapper.UserMapper.selectById       : ==>  Preparing: select id, username, password, salt, email, type, status, activation_code, header_url, create_time from user where id = ? 
2020-05-07 20:43:37.598 DEBUG 4852 --- [http-nio-80-exec-1] l.c.c.mapper.UserMapper.selectById       : ==> Parameters: 138(Integer)
2020-05-07 20:43:37.599 DEBUG 4852 --- [http-nio-80-exec-1] l.c.c.mapper.UserMapper.selectById       : <==      Total: 1
2020-05-07 20:43:37.599 DEBUG 4852 --- [http-nio-80-exec-1] l.c.c.mapper.UserMapper.selectById       : ==>  Preparing: select id, username, password, salt, email, type, status, activation_code, header_url, create_time from user where id = ? 
2020-05-07 20:43:37.599 DEBUG 4852 --- [http-nio-80-exec-1] l.c.c.mapper.UserMapper.selectById       : ==> Parameters: 138(Integer)
2020-05-07 20:43:37.600 DEBUG 4852 --- [http-nio-80-exec-1] l.c.c.mapper.UserMapper.selectById       : <==      Total: 1
2020-05-07 20:43:37.601 DEBUG 4852 --- [http-nio-80-exec-1] l.c.c.mapper.UserMapper.selectById       : ==>  Preparing: select id, username, password, salt, email, type, status, activation_code, header_url, create_time from user where id = ? 
2020-05-07 20:43:37.601 DEBUG 4852 --- [http-nio-80-exec-1] l.c.c.mapper.UserMapper.selectById       : ==> Parameters: 103(Integer)
2020-05-07 20:43:37.602 DEBUG 4852 --- [http-nio-80-exec-1] l.c.c.mapper.UserMapper.selectById       : <==      Total: 1
