2020-05-07 20:47:45,265 INFO [restartedMain] l.c.c.CommunityApplication [StartupInfoLogger.java:55] Starting CommunityApplication on codedw with PID 15604 (D:\github\code\Projects\community\target\classes started by jiefa in D:\github\code\Projects\community)
2020-05-07 20:47:45,269 INFO [restartedMain] l.c.c.CommunityApplication [SpringApplication.java:651] No active profile set, falling back to default profiles: default
2020-05-07 20:47:45,361 INFO [restartedMain] o.s.b.d.e.DevToolsPropertyDefaultsPostProcessor [DeferredLog.java:225] Devtools property defaults active! Set 'spring.devtools.add-properties' to 'false' to disable
2020-05-07 20:47:45,361 INFO [restartedMain] o.s.b.d.e.DevToolsPropertyDefaultsPostProcessor [DeferredLog.java:225] For additional web related logging consider setting the 'logging.level.web' property to 'DEBUG'
2020-05-07 20:47:46,428 INFO [restartedMain] o.s.b.w.e.t.TomcatWebServer [TomcatWebServer.java:92] Tomcat initialized with port(s): 80 (http)
2020-05-07 20:47:46,435 INFO [restartedMain] o.a.c.h.Http11NioProtocol [DirectJDKLog.java:173] Initializing ProtocolHandler ["http-nio-80"]
2020-05-07 20:47:46,436 INFO [restartedMain] o.a.c.c.StandardService [DirectJDKLog.java:173] Starting service [Tomcat]
2020-05-07 20:47:46,437 INFO [restartedMain] o.a.c.c.StandardEngine [DirectJDKLog.java:173] Starting Servlet engine: [Apache Tomcat/9.0.33]
2020-05-07 20:47:46,508 INFO [restartedMain] o.a.c.c.C.[.[.[/community] [DirectJDKLog.java:173] Initializing Spring embedded WebApplicationContext
2020-05-07 20:47:46,508 INFO [restartedMain] o.s.w.c.ContextLoader [ServletWebServerApplicationContext.java:284] Root WebApplicationContext: initialization completed in 1146 ms
2020-05-07 20:47:47,010 INFO [restartedMain] s.d.s.w.PropertySourcedRequestMappingHandlerMapping [PropertySourcedRequestMappingHandlerMapping.java:69] Mapped URL path [/v2/api-docs] onto method [springfox.documentation.swagger2.web.Swagger2Controller#getDocumentation(String, HttpServletRequest)]
2020-05-07 20:47:47,083 INFO [restartedMain] o.s.s.c.ThreadPoolTaskExecutor [ExecutorConfigurationSupport.java:181] Initializing ExecutorService 'applicationTaskExecutor'
2020-05-07 20:47:47,111 INFO [restartedMain] o.s.b.d.a.OptionalLiveReloadServer [OptionalLiveReloadServer.java:58] LiveReload server is running on port 35729
2020-05-07 20:47:47,131 INFO [restartedMain] o.s.b.a.w.s.WelcomePageHandlerMapping [WelcomePageHandlerMapping.java:58] Adding welcome page template: index
2020-05-07 20:47:47,232 INFO [restartedMain] s.d.s.w.p.DocumentationPluginsBootstrapper [DocumentationPluginsBootstrapper.java:160] Context refreshed
2020-05-07 20:47:47,243 INFO [restartedMain] s.d.s.w.p.DocumentationPluginsBootstrapper [DocumentationPluginsBootstrapper.java:163] Found 1 custom documentation plugin(s)
2020-05-07 20:47:47,263 INFO [restartedMain] s.d.s.w.s.ApiListingReferenceScanner [ApiListingReferenceScanner.java:41] Scanning for api listing references
2020-05-07 20:47:47,306 INFO [restartedMain] s.d.s.w.r.o.CachingOperationNameGenerator [CachingOperationNameGenerator.java:40] Generating unique operation named: getStudentsUsingGET_1
2020-05-07 20:47:47,351 INFO [restartedMain] o.a.c.h.Http11NioProtocol [DirectJDKLog.java:173] Starting ProtocolHandler ["http-nio-80"]
2020-05-07 20:47:47,368 INFO [restartedMain] o.s.b.w.e.t.TomcatWebServer [TomcatWebServer.java:204] Tomcat started on port(s): 80 (http) with context path '/community'
2020-05-07 20:47:47,371 INFO [restartedMain] l.c.c.CommunityApplication [StartupInfoLogger.java:61] Started CommunityApplication in 2.738 seconds (JVM running for 3.532)
2020-05-07 20:48:50,968 INFO [http-nio-80-exec-1] o.a.c.c.C.[.[.[/community] [DirectJDKLog.java:173] Initializing Spring DispatcherServlet 'dispatcherServlet'
2020-05-07 20:48:50,968 INFO [http-nio-80-exec-1] o.s.w.s.DispatcherServlet [FrameworkServlet.java:525] Initializing Servlet 'dispatcherServlet'
2020-05-07 20:48:50,972 INFO [http-nio-80-exec-1] o.s.w.s.DispatcherServlet [FrameworkServlet.java:547] Completed initialization in 4 ms
2020-05-07 20:48:51,022 INFO [http-nio-80-exec-1] c.z.h.HikariDataSource [HikariDataSource.java:110] HikariPool-1 - Starting...
2020-05-07 20:48:51,164 INFO [http-nio-80-exec-1] c.z.h.HikariDataSource [HikariDataSource.java:123] HikariPool-1 - Start completed.
